<?xml version="1.0" encoding="UTF-8"?>
<testsuite name="io.rosetta.integration.RosettaControllerTest" tests="6" skipped="0" failures="0" errors="0" timestamp="2026-03-09T20:26:50.930Z" hostname="christian-Latitude-5511" time="0.238">
  <properties/>
  <testcase name="getEntity_returns404ForUnknownName()" classname="io.rosetta.integration.RosettaControllerTest" time="0.138"/>
  <testcase name="getEntities_returns200WithEntityList()" classname="io.rosetta.integration.RosettaControllerTest" time="0.057"/>
  <testcase name="getEntities_orderEntityHasCorrectStructure()" classname="io.rosetta.integration.RosettaControllerTest" time="0.006"/>
  <testcase name="getEntities_idFieldIsPrimaryKey()" classname="io.rosetta.integration.RosettaControllerTest" time="0.019"/>
  <testcase name="getEntities_statusFieldHasGlyph()" classname="io.rosetta.integration.RosettaControllerTest" time="0.007"/>
  <testcase name="getEntity_returnsOrderByName()" classname="io.rosetta.integration.RosettaControllerTest" time="0.005"/>
  <system-out><![CDATA[21:26:47.375 [Test worker] INFO org.springframework.test.context.support.AnnotationConfigContextLoaderUtils -- Could not detect default configuration classes for test class [io.rosetta.integration.RosettaControllerTest]: RosettaControllerTest does not declare any static, non-private, non-final, nested classes annotated with @Configuration.
21:26:47.505 [Test worker] INFO org.springframework.boot.test.context.SpringBootTestContextBootstrapper -- Found @SpringBootConfiguration io.rosetta.TestApplication for test class io.rosetta.integration.RosettaControllerTest

  .   ____          _            __ _ _
 /\\ / ___'_ __ _ _(_)_ __  __ _ \ \ \ \
( ( )\___ | '_ | '_| | '_ \/ _` | \ \ \ \
 \\/  ___)| |_)| | | | | || (_| |  ) ) ) )
  '  |____| .__|_| |_|_| |_\__, | / / / /
 =========|_|==============|___/=/_/_/_/
 :: Spring Boot ::                (v3.2.5)

2026-03-09T21:26:47.932+01:00  INFO 246617 --- [    Test worker] i.r.integration.RosettaControllerTest    : Starting RosettaControllerTest using Java 21.0.5 with PID 246617 (started by christian in /home/christian/Work/mistrello/agentic-experiments/rosetta)
2026-03-09T21:26:47.934+01:00  INFO 246617 --- [    Test worker] i.r.integration.RosettaControllerTest    : The following 1 profile is active: "test"
2026-03-09T21:26:48.706+01:00  INFO 246617 --- [    Test worker] .s.d.r.c.RepositoryConfigurationDelegate : Bootstrapping Spring Data JPA repositories in DEFAULT mode.
2026-03-09T21:26:48.733+01:00  INFO 246617 --- [    Test worker] .s.d.r.c.RepositoryConfigurationDelegate : Finished Spring Data repository scanning in 17 ms. Found 0 JPA repository interfaces.
2026-03-09T21:26:49.185+01:00  INFO 246617 --- [    Test worker] o.hibernate.jpa.internal.util.LogHelper  : HHH000204: Processing PersistenceUnitInfo [name: default]
2026-03-09T21:26:49.242+01:00  INFO 246617 --- [    Test worker] org.hibernate.Version                    : HHH000412: Hibernate ORM core version 6.4.4.Final
2026-03-09T21:26:49.286+01:00  INFO 246617 --- [    Test worker] o.h.c.internal.RegionFactoryInitiator    : HHH000026: Second-level cache disabled
2026-03-09T21:26:49.410+01:00  INFO 246617 --- [    Test worker] o.s.o.j.p.SpringPersistenceUnitInfo      : No LoadTimeWeaver setup: ignoring JPA class transformer
2026-03-09T21:26:49.435+01:00  INFO 246617 --- [    Test worker] com.zaxxer.hikari.HikariDataSource       : HikariPool-1 - Starting...
2026-03-09T21:26:49.611+01:00  INFO 246617 --- [    Test worker] com.zaxxer.hikari.pool.HikariPool        : HikariPool-1 - Added connection conn0: url=jdbc:h2:mem:testdb user=SA
2026-03-09T21:26:49.613+01:00  INFO 246617 --- [    Test worker] com.zaxxer.hikari.HikariDataSource       : HikariPool-1 - Start completed.
2026-03-09T21:26:49.636+01:00  WARN 246617 --- [    Test worker] org.hibernate.orm.deprecation            : HHH90000025: H2Dialect does not need to be specified explicitly using 'hibernate.dialect' (remove the property setting and it will be selected by default)
2026-03-09T21:26:50.212+01:00  INFO 246617 --- [    Test worker] o.h.e.t.j.p.i.JtaPlatformInitiator       : HHH000489: No JTA platform available (set 'hibernate.transaction.jta.platform' to enable JTA platform integration)
2026-03-09T21:26:50.248+01:00  INFO 246617 --- [    Test worker] j.LocalContainerEntityManagerFactoryBean : Initialized JPA EntityManagerFactory for persistence unit 'default'
2026-03-09T21:26:50.408+01:00  WARN 246617 --- [    Test worker] JpaBaseConfiguration$JpaWebConfiguration : spring.jpa.open-in-view is enabled by default. Therefore, database queries may be performed during view rendering. Explicitly configure spring.jpa.open-in-view to disable this warning
2026-03-09T21:26:50.881+01:00  INFO 246617 --- [    Test worker] o.s.b.t.m.w.SpringBootMockServletContext : Initializing Spring TestDispatcherServlet ''
2026-03-09T21:26:50.881+01:00  INFO 246617 --- [    Test worker] o.s.t.web.servlet.TestDispatcherServlet  : Initializing Servlet ''
2026-03-09T21:26:50.884+01:00  INFO 246617 --- [    Test worker] o.s.t.web.servlet.TestDispatcherServlet  : Completed initialization in 1 ms
2026-03-09T21:26:50.914+01:00  INFO 246617 --- [    Test worker] i.r.integration.RosettaControllerTest    : Started RosettaControllerTest in 3.266 seconds (process running for 6.031)
]]></system-out>
  <system-err><![CDATA[]]></system-err>
</testsuite>
