<?xml version="1.0" encoding="UTF-8"?>
<testsuite name="io.rosetta.unit.RosettaSchemaServiceTest" tests="4" skipped="0" failures="0" errors="0" timestamp="2026-03-09T20:26:45.657Z" hostname="christian-Latitude-5511" time="1.524">
  <properties/>
  <testcase name="getSchema_mapsRelationAnnotation()" classname="io.rosetta.unit.RosettaSchemaServiceTest" time="1.47"/>
  <testcase name="getEntity_returnsEmptyForUnknownName()" classname="io.rosetta.unit.RosettaSchemaServiceTest" time="0.009"/>
  <testcase name="getSchema_mapsEntityCorrectly()" classname="io.rosetta.unit.RosettaSchemaServiceTest" time="0.029"/>
  <testcase name="getEntity_returnsPresentForKnownName()" classname="io.rosetta.unit.RosettaSchemaServiceTest" time="0.008"/>
  <system-out><![CDATA[]]></system-out>
  <system-err><![CDATA[WARNING: A Java agent has been loaded dynamically (/home/christian/.gradle/caches/modules-2/files-2.1/net.bytebuddy/byte-buddy-agent/1.14.13/979ce25f7d3096a2e82214ba7dc972a05ce7a171/byte-buddy-agent-1.14.13.jar)
WARNING: If a serviceability tool is in use, please run with -XX:+EnableDynamicAgentLoading to hide this warning
WARNING: If a serviceability tool is not in use, please run with -Djdk.instrument.traceUsage for more information
WARNING: Dynamic loading of agents will be disallowed by default in a future release
]]></system-err>
</testsuite>
